#
# There is insufficient memory for the Java Runtime Environment to continue.
# Native memory allocation (malloc) failed to allocate 32744 bytes for ChunkPool::allocate
# Possible reasons:
#   The system is out of physical RAM or swap space
#   The process is running with CompressedOops enabled, and the Java Heap may be blocking the growth of the native heap
# Possible solutions:
#   Reduce memory load on the system
#   Increase physical memory or swap space
#   Check if swap backing store is full
#   Decrease Java heap size (-Xmx/-Xms)
#   Decrease number of Java threads
#   Decrease Java thread stack sizes (-Xss)
#   Set larger code cache with -XX:ReservedCodeCacheSize=
#   JVM is running with Unscaled Compressed Oops mode in which the Java heap is
#     placed in the first 4GB address space. The Java Heap base address is the
#     maximum limit for the native heap growth. Please use -XX:HeapBaseMinAddress
#     to set the Java Heap base and to place the Java Heap above 4GB virtual address.
# This output file may be truncated or incomplete.
#
#  Out of Memory Error (./open/src/hotspot/share/memory/arena.cpp:81), pid=21016, tid=42484
#
# JRE version: Java(TM) SE Runtime Environment 18.9 (11.0.15+8) (build 11.0.15+8-LTS-149)
# Java VM: Java HotSpot(TM) 64-Bit Server VM 18.9 (11.0.15+8-LTS-149, mixed mode, tiered, compressed oops, g1 gc, windows-amd64)
# No core dump will be written. Minidumps are not enabled by default on client versions of Windows
#

---------------  S U M M A R Y ------------

Command Line: -Dfile.encoding=UTF-8 com.OnlineQuizApplication

Host: Intel(R) Core(TM) i5-1035G1 CPU @ 1.00GHz, 8 cores, 7G,  Windows 11 , 64 bit Build 22000 (10.0.22000.708)
Time: Wed Aug 31 10:45:53 2022 India Standard Time elapsed time: 141.237027 seconds (0d 0h 2m 21s)

---------------  T H R E A D  ---------------

Current thread (0x000002ae4a4e5800):  JavaThread "C2 CompilerThread0" daemon [_thread_in_native, id=42484, stack(0x000000b913000000,0x000000b913100000)]


Current CompileTask:
C2: 141237 5149   !   4       jdk.internal.loader.BuiltinClassLoader::findMiscResource (118 bytes)

Stack: [0x000000b913000000,0x000000b913100000]
Native frames: (J=compiled Java code, j=interpreted, Vv=VM code, C=native code)
V  [jvm.dll+0x629d8a]
V  [jvm.dll+0x7638ff]
V  [jvm.dll+0x764fa9]
V  [jvm.dll+0x765633]
V  [jvm.dll+0x23d9c8]
V  [jvm.dll+0xb2c7b]
V  [jvm.dll+0xb2fdc]
V  [jvm.dll+0xb2b2b]
V  [jvm.dll+0x685a3c]
V  [jvm.dll+0x54470c]
V  [jvm.dll+0x5469c6]
V  [jvm.dll+0x534c91]
V  [jvm.dll+0x5354a8]
V  [jvm.dll+0x537341]
V  [jvm.dll+0x536e89]
V  [jvm.dll+0x536d71]
V  [jvm.dll+0x53dc46]
V  [jvm.dll+0x1fa1b1]
V  [jvm.dll+0x1f762d]
V  [jvm.dll+0x177c51]
V  [jvm.dll+0x207026]
V  [jvm.dll+0x2051bb]
V  [jvm.dll+0x729820]
V  [jvm.dll+0x7223f4]
V  [jvm.dll+0x628c26]
C  [ucrtbase.dll+0x26c0c]
C  [KERNEL32.DLL+0x154e0]
C  [ntdll.dll+0x485b]


---------------  P R O C E S S  ---------------

Threads class SMR info:
_java_thread_list=0x000002ae4d766ee0, length=29, elements={
0x000002ae49b6b000, 0x000002ae49b76000, 0x000002ae49b85000, 0x000002ae49b86000,
0x000002ae49b87000, 0x000002ae4a4e5800, 0x000002ae4a4ed800, 0x000002ae4a4f0800,
0x000002ae4a67f000, 0x000002ae4da4f000, 0x000002ae4db03000, 0x000002ae50567800,
0x000002ae4db06000, 0x000002ae4fdbd000, 0x000002ae4db8b800, 0x000002ae4db8a800,
0x000002ae4db89000, 0x000002ae4db89800, 0x000002ae4ffad000, 0x000002ae4ffa8000,
0x000002ae4ffa7000, 0x000002ae4ffae800, 0x000002ae4ffaa800, 0x000002ae4ffab000,
0x000002ae4ffa9000, 0x000002ae4ffaf800, 0x000002ae4ffac000, 0x000002ae4ffad800,
0x000002ae4ffa9800
}

Java Threads: ( => current thread )
  0x000002ae49b6b000 JavaThread "Reference Handler" daemon [_thread_blocked, id=37704, stack(0x000000b912b00000,0x000000b912c00000)]
  0x000002ae49b76000 JavaThread "Finalizer" daemon [_thread_blocked, id=40912, stack(0x000000b912c00000,0x000000b912d00000)]
  0x000002ae49b85000 JavaThread "Signal Dispatcher" daemon [_thread_blocked, id=35984, stack(0x000000b912d00000,0x000000b912e00000)]
  0x000002ae49b86000 JavaThread "Attach Listener" daemon [_thread_blocked, id=26364, stack(0x000000b912e00000,0x000000b912f00000)]
  0x000002ae49b87000 JavaThread "Service Thread" daemon [_thread_blocked, id=25432, stack(0x000000b912f00000,0x000000b913000000)]
=>0x000002ae4a4e5800 JavaThread "C2 CompilerThread0" daemon [_thread_in_native, id=42484, stack(0x000000b913000000,0x000000b913100000)]
  0x000002ae4a4ed800 JavaThread "C1 CompilerThread0" daemon [_thread_blocked, id=15420, stack(0x000000b913100000,0x000000b913200000)]
  0x000002ae4a4f0800 JavaThread "Sweeper thread" daemon [_thread_blocked, id=8928, stack(0x000000b913200000,0x000000b913300000)]
  0x000002ae4a67f000 JavaThread "Common-Cleaner" daemon [_thread_blocked, id=37924, stack(0x000000b913400000,0x000000b913500000)]
  0x000002ae4da4f000 JavaThread "Catalina-utility-1" [_thread_blocked, id=20124, stack(0x000000b913d00000,0x000000b913e00000)]
  0x000002ae4db03000 JavaThread "Catalina-utility-2" [_thread_blocked, id=2168, stack(0x000000b914100000,0x000000b914200000)]
  0x000002ae50567800 JavaThread "container-0" [_thread_blocked, id=9656, stack(0x000000b914200000,0x000000b914300000)]
  0x000002ae4db06000 JavaThread "mysql-cj-abandoned-connection-cleanup" daemon [_thread_blocked, id=41492, stack(0x000000b914300000,0x000000b914400000)]
  0x000002ae4fdbd000 JavaThread "HikariPool-1 housekeeper" daemon [_thread_blocked, id=11252, stack(0x000000b914500000,0x000000b914600000)]
  0x000002ae4db8b800 JavaThread "File Watcher" daemon [_thread_blocked, id=41900, stack(0x000000b913500000,0x000000b913600000)]
  0x000002ae4db8a800 JavaThread "Live Reload Server" daemon [_thread_in_native, id=25816, stack(0x000000b914800000,0x000000b914900000)]
  0x000002ae4db89000 JavaThread "http-nio-8080-exec-1" daemon [_thread_blocked, id=18892, stack(0x000000b914700000,0x000000b914800000)]
  0x000002ae4db89800 JavaThread "http-nio-8080-exec-2" daemon [_thread_blocked, id=9680, stack(0x000000b914900000,0x000000b914a00000)]
  0x000002ae4ffad000 JavaThread "http-nio-8080-exec-3" daemon [_thread_blocked, id=36592, stack(0x000000b914a00000,0x000000b914b00000)]
  0x000002ae4ffa8000 JavaThread "http-nio-8080-exec-4" daemon [_thread_blocked, id=12164, stack(0x000000b914b00000,0x000000b914c00000)]
  0x000002ae4ffa7000 JavaThread "http-nio-8080-exec-5" daemon [_thread_blocked, id=7084, stack(0x000000b914c00000,0x000000b914d00000)]
  0x000002ae4ffae800 JavaThread "http-nio-8080-exec-6" daemon [_thread_blocked, id=29260, stack(0x000000b914d00000,0x000000b914e00000)]
  0x000002ae4ffaa800 JavaThread "http-nio-8080-exec-7" daemon [_thread_blocked, id=35192, stack(0x000000b914e00000,0x000000b914f00000)]
  0x000002ae4ffab000 JavaThread "http-nio-8080-exec-8" daemon [_thread_blocked, id=34776, stack(0x000000b914f00000,0x000000b915000000)]
  0x000002ae4ffa9000 JavaThread "http-nio-8080-exec-9" daemon [_thread_blocked, id=15460, stack(0x000000b915000000,0x000000b915100000)]
  0x000002ae4ffaf800 JavaThread "http-nio-8080-exec-10" daemon [_thread_blocked, id=29168, stack(0x000000b915100000,0x000000b915200000)]
  0x000002ae4ffac000 JavaThread "http-nio-8080-Poller" daemon [_thread_in_native, id=3104, stack(0x000000b915200000,0x000000b915300000)]
  0x000002ae4ffad800 JavaThread "http-nio-8080-Acceptor" daemon [_thread_in_native, id=14652, stack(0x000000b915300000,0x000000b915400000)]
  0x000002ae4ffa9800 JavaThread "DestroyJavaVM" [_thread_blocked, id=38280, stack(0x000000b912400000,0x000000b912500000)]

Other Threads:
  0x000002ae49b67800 VMThread "VM Thread" [stack: 0x000000b912a00000,0x000000b912b00000] [id=32696]
  0x000002ae4a680000 WatcherThread [stack: 0x000000b913300000,0x000000b913400000] [id=30152]
  0x000002ae2bd46000 GCTaskThread "GC Thread#0" [stack: 0x000000b912500000,0x000000b912600000] [id=40208]
  0x000002ae4b391800 GCTaskThread "GC Thread#1" [stack: 0x000000b913800000,0x000000b913900000] [id=30704]
  0x000002ae4b392000 GCTaskThread "GC Thread#2" [stack: 0x000000b913900000,0x000000b913a00000] [id=30868]
  0x000002ae4b2ee800 GCTaskThread "GC Thread#3" [stack: 0x000000b913a00000,0x000000b913b00000] [id=17440]
  0x000002ae4b2ef800 GCTaskThread "GC Thread#4" [stack: 0x000000b913b00000,0x000000b913c00000] [id=42768]
  0x000002ae4b2f0000 GCTaskThread "GC Thread#5" [stack: 0x000000b913c00000,0x000000b913d00000] [id=32024]
  0x000002ae4b5c5800 GCTaskThread "GC Thread#6" [stack: 0x000000b913e00000,0x000000b913f00000] [id=27908]
  0x000002ae4b8da000 GCTaskThread "GC Thread#7" [stack: 0x000000b913f00000,0x000000b914000000] [id=34624]
  0x000002ae2bd78000 ConcurrentGCThread "G1 Main Marker" [stack: 0x000000b912600000,0x000000b912700000] [id=40108]
  0x000002ae2bd79000 ConcurrentGCThread "G1 Conc#0" [stack: 0x000000b912700000,0x000000b912800000] [id=20600]
  0x000002ae4b57c800 ConcurrentGCThread "G1 Conc#1" [stack: 0x000000b914000000,0x000000b914100000] [id=41540]
  0x000002ae499b0800 ConcurrentGCThread "G1 Refine#0" [stack: 0x000000b912800000,0x000000b912900000] [id=38092]
  0x000002ae2be0e000 ConcurrentGCThread "G1 Young RemSet Sampling" [stack: 0x000000b912900000,0x000000b912a00000] [id=38584]

Threads with active compile tasks:
C2 CompilerThread0 141344 5149   !   4       jdk.internal.loader.BuiltinClassLoader::findMiscResource (118 bytes)

VM state:not at safepoint (normal execution)

VM Mutex/Monitor currently owned by a thread: None

Heap address: 0x0000000083a00000, size: 1990 MB, Compressed Oops mode: 32-bit
Narrow klass base: 0x0000000000000000, Narrow klass shift: 3
Compressed class space size: 1073741824 Address: 0x0000000100000000

Heap:
 garbage-first heap   total 129024K, used 41600K [0x0000000083a00000, 0x0000000100000000)
  region size 1024K, 23 young (23552K), 5 survivors (5120K)
 Metaspace       used 59695K, capacity 61125K, committed 61440K, reserved 1101824K
  class space    used 7650K, capacity 8234K, committed 8320K, reserved 1048576K
Heap Regions: E=young(eden), S=young(survivor), O=old, HS=humongous(starts), HC=humongous(continues), CS=collection set, F=free, A=archive, TAMS=top-at-mark-start (previous, next)
|   0|0x0000000083a00000, 0x0000000083b00000, 0x0000000083b00000|100%|HS|  |TAMS 0x0000000083b00000, 0x0000000083a00000| Complete 
|   1|0x0000000083b00000, 0x0000000083c00000, 0x0000000083c00000|100%| O|  |TAMS 0x0000000083c00000, 0x0000000083b00000| Untracked 
|   2|0x0000000083c00000, 0x0000000083d00000, 0x0000000083d00000|100%| O|  |TAMS 0x0000000083d00000, 0x0000000083c00000| Untracked 
|   3|0x0000000083d00000, 0x0000000083e00000, 0x0000000083e00000|100%| O|  |TAMS 0x0000000083e00000, 0x0000000083d00000| Untracked 
|   4|0x0000000083e00000, 0x0000000083f00000, 0x0000000083f00000|100%| O|  |TAMS 0x0000000083f00000, 0x0000000083e00000| Untracked 
|   5|0x0000000083f00000, 0x0000000084000000, 0x0000000084000000|100%| O|  |TAMS 0x0000000084000000, 0x0000000083f00000| Untracked 
|   6|0x0000000084000000, 0x0000000084100000, 0x0000000084100000|100%| O|  |TAMS 0x0000000084100000, 0x0000000084000000| Untracked 
|   7|0x0000000084100000, 0x0000000084200000, 0x0000000084200000|100%| O|  |TAMS 0x0000000084200000, 0x0000000084100000| Untracked 
|   8|0x0000000084200000, 0x0000000084300000, 0x0000000084300000|100%| O|  |TAMS 0x0000000084300000, 0x0000000084200000| Untracked 
|   9|0x0000000084300000, 0x0000000084400000, 0x0000000084400000|100%| O|  |TAMS 0x0000000084400000, 0x0000000084300000| Untracked 
|  10|0x0000000084400000, 0x0000000084500000, 0x0000000084500000|100%| O|  |TAMS 0x0000000084500000, 0x0000000084400000| Untracked 
|  11|0x0000000084500000, 0x0000000084600000, 0x0000000084600000|100%| O|  |TAMS 0x0000000084600000, 0x0000000084500000| Untracked 
|  12|0x0000000084600000, 0x0000000084700000, 0x0000000084700000|100%| O|  |TAMS 0x0000000084700000, 0x0000000084600000| Untracked 
|  13|0x0000000084700000, 0x0000000084800000, 0x0000000084800000|100%| O|  |TAMS 0x0000000084800000, 0x0000000084700000| Untracked 
|  14|0x0000000084800000, 0x0000000084900000, 0x0000000084900000|100%| O|  |TAMS 0x0000000084900000, 0x0000000084800000| Untracked 
|  15|0x0000000084900000, 0x0000000084a00000, 0x0000000084a00000|100%| O|  |TAMS 0x0000000084a00000, 0x0000000084900000| Untracked 
|  16|0x0000000084a00000, 0x0000000084b00000, 0x0000000084b00000|100%| O|  |TAMS 0x0000000084b00000, 0x0000000084a00000| Untracked 
|  17|0x0000000084b00000, 0x0000000084c00000, 0x0000000084c00000|100%| O|  |TAMS 0x0000000084c00000, 0x0000000084b00000| Untracked 
|  18|0x0000000084c00000, 0x0000000084d00000, 0x0000000084d00000|100%| O|  |TAMS 0x0000000084d00000, 0x0000000084c00000| Untracked 
|  19|0x0000000084d00000, 0x0000000084d7a400, 0x0000000084e00000| 47%| O|  |TAMS 0x0000000084d7a400, 0x0000000084d00000| Untracked 
|  20|0x0000000084e00000, 0x0000000084e00000, 0x0000000084f00000|  0%| F|  |TAMS 0x0000000084e00000, 0x0000000084e00000| Untracked 
|  21|0x0000000084f00000, 0x0000000084f00000, 0x0000000085000000|  0%| F|  |TAMS 0x0000000084f00000, 0x0000000084f00000| Untracked 
|  22|0x0000000085000000, 0x0000000085000000, 0x0000000085100000|  0%| F|  |TAMS 0x0000000085000000, 0x0000000085000000| Untracked 
|  23|0x0000000085100000, 0x0000000085100000, 0x0000000085200000|  0%| F|  |TAMS 0x0000000085100000, 0x0000000085100000| Untracked 
|  24|0x0000000085200000, 0x0000000085200000, 0x0000000085300000|  0%| F|  |TAMS 0x0000000085200000, 0x0000000085200000| Untracked 
|  25|0x0000000085300000, 0x0000000085300000, 0x0000000085400000|  0%| F|  |TAMS 0x0000000085300000, 0x0000000085300000| Untracked 
|  26|0x0000000085400000, 0x0000000085400000, 0x0000000085500000|  0%| F|  |TAMS 0x0000000085400000, 0x0000000085400000| Untracked 
|  27|0x0000000085500000, 0x0000000085500000, 0x0000000085600000|  0%| F|  |TAMS 0x0000000085500000, 0x0000000085500000| Untracked 
|  28|0x0000000085600000, 0x0000000085600000, 0x0000000085700000|  0%| F|  |TAMS 0x0000000085600000, 0x0000000085600000| Untracked 
|  29|0x0000000085700000, 0x0000000085700000, 0x0000000085800000|  0%| F|  |TAMS 0x0000000085700000, 0x0000000085700000| Untracked 
|  30|0x0000000085800000, 0x0000000085800000, 0x0000000085900000|  0%| F|  |TAMS 0x0000000085800000, 0x0000000085800000| Untracked 
|  31|0x0000000085900000, 0x0000000085900000, 0x0000000085a00000|  0%| F|  |TAMS 0x0000000085900000, 0x0000000085900000| Untracked 
|  32|0x0000000085a00000, 0x0000000085a00000, 0x0000000085b00000|  0%| F|  |TAMS 0x0000000085a00000, 0x0000000085a00000| Untracked 
|  33|0x0000000085b00000, 0x0000000085b00000, 0x0000000085c00000|  0%| F|  |TAMS 0x0000000085b00000, 0x0000000085b00000| Untracked 
|  34|0x0000000085c00000, 0x0000000085c00000, 0x0000000085d00000|  0%| F|  |TAMS 0x0000000085c00000, 0x0000000085c00000| Untracked 
|  35|0x0000000085d00000, 0x0000000085d00000, 0x0000000085e00000|  0%| F|  |TAMS 0x0000000085d00000, 0x0000000085d00000| Untracked 
|  36|0x0000000085e00000, 0x0000000085e00000, 0x0000000085f00000|  0%| F|  |TAMS 0x0000000085e00000, 0x0000000085e00000| Untracked 
|  37|0x0000000085f00000, 0x0000000085f00000, 0x0000000086000000|  0%| F|  |TAMS 0x0000000085f00000, 0x0000000085f00000| Untracked 
|  38|0x0000000086000000, 0x0000000086000000, 0x0000000086100000|  0%| F|  |TAMS 0x0000000086000000, 0x0000000086000000| Untracked 
|  39|0x0000000086100000, 0x0000000086100000, 0x0000000086200000|  0%| F|  |TAMS 0x0000000086100000, 0x0000000086100000| Untracked 
|  40|0x0000000086200000, 0x0000000086200000, 0x0000000086300000|  0%| F|  |TAMS 0x0000000086200000, 0x0000000086200000| Untracked 
|  41|0x0000000086300000, 0x0000000086300000, 0x0000000086400000|  0%| F|  |TAMS 0x0000000086300000, 0x0000000086300000| Untracked 
|  42|0x0000000086400000, 0x0000000086400000, 0x0000000086500000|  0%| F|  |TAMS 0x0000000086400000, 0x0000000086400000| Untracked 
|  43|0x0000000086500000, 0x0000000086500000, 0x0000000086600000|  0%| F|  |TAMS 0x0000000086500000, 0x0000000086500000| Untracked 
|  44|0x0000000086600000, 0x0000000086600000, 0x0000000086700000|  0%| F|  |TAMS 0x0000000086600000, 0x0000000086600000| Untracked 
|  45|0x0000000086700000, 0x0000000086700000, 0x0000000086800000|  0%| F|  |TAMS 0x0000000086700000, 0x0000000086700000| Untracked 
|  46|0x0000000086800000, 0x0000000086800000, 0x0000000086900000|  0%| F|  |TAMS 0x0000000086800000, 0x0000000086800000| Untracked 
|  47|0x0000000086900000, 0x0000000086900000, 0x0000000086a00000|  0%| F|  |TAMS 0x0000000086900000, 0x0000000086900000| Untracked 
|  48|0x0000000086a00000, 0x0000000086a00000, 0x0000000086b00000|  0%| F|  |TAMS 0x0000000086a00000, 0x0000000086a00000| Untracked 
|  49|0x0000000086b00000, 0x0000000086b00000, 0x0000000086c00000|  0%| F|  |TAMS 0x0000000086b00000, 0x0000000086b00000| Untracked 
|  50|0x0000000086c00000, 0x0000000086c00000, 0x0000000086d00000|  0%| F|  |TAMS 0x0000000086c00000, 0x0000000086c00000| Untracked 
|  51|0x0000000086d00000, 0x0000000086d00000, 0x0000000086e00000|  0%| F|  |TAMS 0x0000000086d00000, 0x0000000086d00000| Untracked 
|  52|0x0000000086e00000, 0x0000000086e00000, 0x0000000086f00000|  0%| F|  |TAMS 0x0000000086e00000, 0x0000000086e00000| Untracked 
|  53|0x0000000086f00000, 0x0000000086f00000, 0x0000000087000000|  0%| F|  |TAMS 0x0000000086f00000, 0x0000000086f00000| Untracked 
|  54|0x0000000087000000, 0x0000000087000000, 0x0000000087100000|  0%| F|  |TAMS 0x0000000087000000, 0x0000000087000000| Untracked 
|  55|0x0000000087100000, 0x0000000087100000, 0x0000000087200000|  0%| F|  |TAMS 0x0000000087100000, 0x0000000087100000| Untracked 
|  56|0x0000000087200000, 0x0000000087200000, 0x0000000087300000|  0%| F|  |TAMS 0x0000000087200000, 0x0000000087200000| Untracked 
|  57|0x0000000087300000, 0x0000000087300000, 0x0000000087400000|  0%| F|  |TAMS 0x0000000087300000, 0x0000000087300000| Untracked 
|  58|0x0000000087400000, 0x0000000087400000, 0x0000000087500000|  0%| F|  |TAMS 0x0000000087400000, 0x0000000087400000| Untracked 
|  59|0x0000000087500000, 0x0000000087500000, 0x0000000087600000|  0%| F|  |TAMS 0x0000000087500000, 0x0000000087500000| Untracked 
|  60|0x0000000087600000, 0x0000000087600000, 0x0000000087700000|  0%| F|  |TAMS 0x0000000087600000, 0x0000000087600000| Untracked 
|  61|0x0000000087700000, 0x0000000087700000, 0x0000000087800000|  0%| F|  |TAMS 0x0000000087700000, 0x0000000087700000| Untracked 
|  62|0x0000000087800000, 0x0000000087800000, 0x0000000087900000|  0%| F|  |TAMS 0x0000000087800000, 0x0000000087800000| Untracked 
|  63|0x0000000087900000, 0x0000000087900000, 0x0000000087a00000|  0%| F|  |TAMS 0x0000000087900000, 0x0000000087900000| Untracked 
|  64|0x0000000087a00000, 0x0000000087a00000, 0x0000000087b00000|  0%| F|  |TAMS 0x0000000087a00000, 0x0000000087a00000| Untracked 
|  65|0x0000000087b00000, 0x0000000087b00000, 0x0000000087c00000|  0%| F|  |TAMS 0x0000000087b00000, 0x0000000087b00000| Untracked 
|  66|0x0000000087c00000, 0x0000000087c00000, 0x0000000087d00000|  0%| F|  |TAMS 0x0000000087c00000, 0x0000000087c00000| Untracked 
|  67|0x0000000087d00000, 0x0000000087d00000, 0x0000000087e00000|  0%| F|  |TAMS 0x0000000087d00000, 0x0000000087d00000| Untracked 
|  68|0x0000000087e00000, 0x0000000087e00000, 0x0000000087f00000|  0%| F|  |TAMS 0x0000000087e00000, 0x0000000087e00000| Untracked 
|  69|0x0000000087f00000, 0x0000000087f00000, 0x0000000088000000|  0%| F|  |TAMS 0x0000000087f00000, 0x0000000087f00000| Untracked 
|  70|0x0000000088000000, 0x0000000088000000, 0x0000000088100000|  0%| F|  |TAMS 0x0000000088000000, 0x0000000088000000| Untracked 
|  71|0x0000000088100000, 0x0000000088100000, 0x0000000088200000|  0%| F|  |TAMS 0x0000000088100000, 0x0000000088100000| Untracked 
|  72|0x0000000088200000, 0x0000000088200000, 0x0000000088300000|  0%| F|  |TAMS 0x0000000088200000, 0x0000000088200000| Untracked 
|  73|0x0000000088300000, 0x0000000088300000, 0x0000000088400000|  0%| F|  |TAMS 0x0000000088300000, 0x0000000088300000| Untracked 
|  74|0x0000000088400000, 0x0000000088400000, 0x0000000088500000|  0%| F|  |TAMS 0x0000000088400000, 0x0000000088400000| Untracked 
|  75|0x0000000088500000, 0x0000000088500000, 0x0000000088600000|  0%| F|  |TAMS 0x0000000088500000, 0x0000000088500000| Untracked 
|  76|0x0000000088600000, 0x0000000088600000, 0x0000000088700000|  0%| F|  |TAMS 0x0000000088600000, 0x0000000088600000| Untracked 
|  77|0x0000000088700000, 0x0000000088700000, 0x0000000088800000|  0%| F|  |TAMS 0x0000000088700000, 0x0000000088700000| Untracked 
|  78|0x0000000088800000, 0x0000000088800000, 0x0000000088900000|  0%| F|  |TAMS 0x0000000088800000, 0x0000000088800000| Untracked 
|  79|0x0000000088900000, 0x0000000088900000, 0x0000000088a00000|  0%| F|  |TAMS 0x0000000088900000, 0x0000000088900000| Untracked 
|  80|0x0000000088a00000, 0x0000000088a00000, 0x0000000088b00000|  0%| F|  |TAMS 0x0000000088a00000, 0x0000000088a00000| Untracked 
|  81|0x0000000088b00000, 0x0000000088b00000, 0x0000000088c00000|  0%| F|  |TAMS 0x0000000088b00000, 0x0000000088b00000| Untracked 
|  82|0x0000000088c00000, 0x0000000088c00000, 0x0000000088d00000|  0%| F|  |TAMS 0x0000000088c00000, 0x0000000088c00000| Untracked 
|  83|0x0000000088d00000, 0x0000000088d00000, 0x0000000088e00000|  0%| F|  |TAMS 0x0000000088d00000, 0x0000000088d00000| Untracked 
|  84|0x0000000088e00000, 0x0000000088e00000, 0x0000000088f00000|  0%| F|  |TAMS 0x0000000088e00000, 0x0000000088e00000| Untracked 
|  85|0x0000000088f00000, 0x0000000088f00000, 0x0000000089000000|  0%| F|  |TAMS 0x0000000088f00000, 0x0000000088f00000| Untracked 
|  86|0x0000000089000000, 0x0000000089000000, 0x0000000089100000|  0%| F|  |TAMS 0x0000000089000000, 0x0000000089000000| Untracked 
|  87|0x0000000089100000, 0x0000000089100000, 0x0000000089200000|  0%| F|  |TAMS 0x0000000089100000, 0x0000000089100000| Untracked 
|  88|0x0000000089200000, 0x0000000089200000, 0x0000000089300000|  0%| F|  |TAMS 0x0000000089200000, 0x0000000089200000| Untracked 
|  89|0x0000000089300000, 0x0000000089300000, 0x0000000089400000|  0%| F|  |TAMS 0x0000000089300000, 0x0000000089300000| Untracked 
|  90|0x0000000089400000, 0x0000000089400000, 0x0000000089500000|  0%| F|  |TAMS 0x0000000089400000, 0x0000000089400000| Untracked 
|  91|0x0000000089500000, 0x0000000089500000, 0x0000000089600000|  0%| F|  |TAMS 0x0000000089500000, 0x0000000089500000| Untracked 
|  92|0x0000000089600000, 0x0000000089600000, 0x0000000089700000|  0%| F|  |TAMS 0x0000000089600000, 0x0000000089600000| Untracked 
|  93|0x0000000089700000, 0x0000000089700000, 0x0000000089800000|  0%| F|  |TAMS 0x0000000089700000, 0x0000000089700000| Untracked 
|  94|0x0000000089800000, 0x0000000089800000, 0x0000000089900000|  0%| F|  |TAMS 0x0000000089800000, 0x0000000089800000| Untracked 
|  95|0x0000000089900000, 0x0000000089900000, 0x0000000089a00000|  0%| F|  |TAMS 0x0000000089900000, 0x0000000089900000| Untracked 
|  96|0x0000000089a00000, 0x0000000089a00000, 0x0000000089b00000|  0%| F|  |TAMS 0x0000000089a00000, 0x0000000089a00000| Untracked 
|  97|0x0000000089b00000, 0x0000000089b00000, 0x0000000089c00000|  0%| F|  |TAMS 0x0000000089b00000, 0x0000000089b00000| Untracked 
|  98|0x0000000089c00000, 0x0000000089c00000, 0x0000000089d00000|  0%| F|  |TAMS 0x0000000089c00000, 0x0000000089c00000| Untracked 
|  99|0x0000000089d00000, 0x0000000089d00000, 0x0000000089e00000|  0%| F|  |TAMS 0x0000000089d00000, 0x0000000089d00000| Untracked 
| 100|0x0000000089e00000, 0x0000000089e00000, 0x0000000089f00000|  0%| F|  |TAMS 0x0000000089e00000, 0x0000000089e00000| Untracked 
| 101|0x0000000089f00000, 0x0000000089f25ee8, 0x000000008a000000| 14%| S|CS|TAMS 0x0000000089f00000, 0x0000000089f00000| Complete 
| 102|0x000000008a000000, 0x000000008a100000, 0x000000008a100000|100%| S|CS|TAMS 0x000000008a000000, 0x000000008a000000| Complete 
| 103|0x000000008a100000, 0x000000008a200000, 0x000000008a200000|100%| S|CS|TAMS 0x000000008a100000, 0x000000008a100000| Complete 
| 104|0x000000008a200000, 0x000000008a300000, 0x000000008a300000|100%| S|CS|TAMS 0x000000008a200000, 0x000000008a200000| Complete 
| 105|0x000000008a300000, 0x000000008a400000, 0x000000008a400000|100%| S|CS|TAMS 0x000000008a300000, 0x000000008a300000| Complete 
| 106|0x000000008a400000, 0x000000008a400000, 0x000000008a500000|  0%| F|  |TAMS 0x000000008a400000, 0x000000008a400000| Untracked 
| 107|0x000000008a500000, 0x000000008a500000, 0x000000008a600000|  0%| F|  |TAMS 0x000000008a500000, 0x000000008a500000| Untracked 
| 108|0x000000008a600000, 0x000000008a677f88, 0x000000008a700000| 46%| E|  |TAMS 0x000000008a600000, 0x000000008a600000| Complete 
| 109|0x000000008a700000, 0x000000008a800000, 0x000000008a800000|100%| E|CS|TAMS 0x000000008a700000, 0x000000008a700000| Complete 
| 110|0x000000008a800000, 0x000000008a900000, 0x000000008a900000|100%| E|CS|TAMS 0x000000008a800000, 0x000000008a800000| Complete 
| 111|0x000000008a900000, 0x000000008aa00000, 0x000000008aa00000|100%| E|CS|TAMS 0x000000008a900000, 0x000000008a900000| Complete 
| 112|0x000000008aa00000, 0x000000008ab00000, 0x000000008ab00000|100%| E|CS|TAMS 0x000000008aa00000, 0x000000008aa00000| Complete 
| 113|0x000000008ab00000, 0x000000008ac00000, 0x000000008ac00000|100%| E|CS|TAMS 0x000000008ab00000, 0x000000008ab00000| Complete 
| 114|0x000000008ac00000, 0x000000008ad00000, 0x000000008ad00000|100%| E|CS|TAMS 0x000000008ac00000, 0x000000008ac00000| Complete 
| 115|0x000000008ad00000, 0x000000008ae00000, 0x000000008ae00000|100%| E|CS|TAMS 0x000000008ad00000, 0x000000008ad00000| Complete 
| 116|0x000000008ae00000, 0x000000008af00000, 0x000000008af00000|100%| E|CS|TAMS 0x000000008ae00000, 0x000000008ae00000| Complete 
| 117|0x000000008af00000, 0x000000008b000000, 0x000000008b000000|100%| E|CS|TAMS 0x000000008af00000, 0x000000008af00000| Complete 
| 118|0x000000008b000000, 0x000000008b100000, 0x000000008b100000|100%| E|CS|TAMS 0x000000008b000000, 0x000000008b000000| Complete 
| 119|0x000000008b100000, 0x000000008b200000, 0x000000008b200000|100%| E|CS|TAMS 0x000000008b100000, 0x000000008b100000| Complete 
| 120|0x000000008b200000, 0x000000008b300000, 0x000000008b300000|100%| E|CS|TAMS 0x000000008b200000, 0x000000008b200000| Complete 
| 121|0x000000008b300000, 0x000000008b400000, 0x000000008b400000|100%| E|CS|TAMS 0x000000008b300000, 0x000000008b300000| Complete 
| 122|0x000000008b400000, 0x000000008b500000, 0x000000008b500000|100%| E|CS|TAMS 0x000000008b400000, 0x000000008b400000| Complete 
| 123|0x000000008b500000, 0x000000008b600000, 0x000000008b600000|100%| E|CS|TAMS 0x000000008b500000, 0x000000008b500000| Complete 
| 124|0x000000008b600000, 0x000000008b700000, 0x000000008b700000|100%| E|CS|TAMS 0x000000008b600000, 0x000000008b600000| Complete 
| 125|0x000000008b700000, 0x000000008b800000, 0x000000008b800000|100%| E|CS|TAMS 0x000000008b700000, 0x000000008b700000| Complete 

Card table byte_map: [0x000002ae42b00000,0x000002ae42ef0000] _byte_map_base: 0x000002ae426e3000

Marking Bits (Prev, Next): (CMBitMap*) 0x000002ae2bd6f4f0, (CMBitMap*) 0x000002ae2bd6f4b8
 Prev Bits: [0x000002ae45200000, 0x000002ae47118000)
 Next Bits: [0x000002ae432e0000, 0x000002ae451f8000)

Polling page: 0x000002ae2b510000

Metaspace:

Usage:
  Non-class:     51.65 MB capacity,    50.82 MB ( 98%) used,   665.77 KB (  1%) free+waste,   180.44 KB ( <1%) overhead. 
      Class:      8.04 MB capacity,     7.47 MB ( 93%) used,   494.94 KB (  6%) free+waste,    88.56 KB (  1%) overhead. 
       Both:     59.69 MB capacity,    58.30 MB ( 98%) used,     1.13 MB (  2%) free+waste,   269.00 KB ( <1%) overhead. 

Virtual space:
  Non-class space:       52.00 MB reserved,      51.88 MB (>99%) committed 
      Class space:        1.00 GB reserved,       8.13 MB ( <1%) committed 
             Both:        1.05 GB reserved,      60.00 MB (  6%) committed 

Chunk freelists:
   Non-Class:  4.63 KB
       Class:  0 bytes
        Both:  4.63 KB

CodeHeap 'non-profiled nmethods': size=120000Kb used=3475Kb max_used=3475Kb free=116524Kb
 bounds [0x000002ae3aeb0000, 0x000002ae3b220000, 0x000002ae423e0000]
CodeHeap 'profiled nmethods': size=120000Kb used=11602Kb max_used=11602Kb free=108397Kb
 bounds [0x000002ae33980000, 0x000002ae344e0000, 0x000002ae3aeb0000]
CodeHeap 'non-nmethods': size=5760Kb used=1225Kb max_used=1276Kb free=4534Kb
 bounds [0x000002ae333e0000, 0x000002ae33650000, 0x000002ae33980000]
 total_blobs=5684 nmethods=5103 adapters=492
 compilation: enabled
              stopped_count=0, restarted_count=0
 full_count=0

Compilation events (10 events):
Event: 137.610 Thread 0x000002ae4a4ed800 nmethod 5144 0x000002ae344d0190 code [0x000002ae344d0540, 0x000002ae344d1c28]
Event: 137.610 Thread 0x000002ae4a4ed800 5145  s    3       org.apache.tomcat.util.collections.SynchronizedQueue::size (23 bytes)
Event: 137.611 Thread 0x000002ae4a4ed800 nmethod 5145 0x000002ae344d2510 code [0x000002ae344d26a0, 0x000002ae344d2958]
Event: 137.611 Thread 0x000002ae4a4ed800 5146       1       org.apache.tomcat.util.net.SocketProperties::getTimeoutInterval (5 bytes)
Event: 137.612 Thread 0x000002ae4a4ed800 nmethod 5146 0x000002ae3b214b90 code [0x000002ae3b214d20, 0x000002ae3b214dd8]
Event: 139.455 Thread 0x000002ae4a4ed800 5147       3       org.springframework.boot.devtools.filewatch.FileSystemWatcher$Watcher::isDifferent (105 bytes)
Event: 139.459 Thread 0x000002ae4a4ed800 nmethod 5147 0x000002ae344d2a10 code [0x000002ae344d2ca0, 0x000002ae344d39a8]
Event: 139.459 Thread 0x000002ae4a4ed800 5148       3       org.springframework.boot.devtools.filewatch.DirectorySnapshot::equals (46 bytes)
Event: 139.463 Thread 0x000002ae4a4ed800 nmethod 5148 0x000002ae344d3d10 code [0x000002ae344d3f20, 0x000002ae344d4658]
Event: 141.183 Thread 0x000002ae4a4e5800 5149   !   4       jdk.internal.loader.BuiltinClassLoader::findMiscResource (118 bytes)

GC Heap History (10 events):
Event: 4.914 GC heap before
{Heap before GC invocations=7 (full 0):
 garbage-first heap   total 129024K, used 84417K [0x0000000083a00000, 0x0000000100000000)
  region size 1024K, 75 young (76800K), 6 survivors (6144K)
 Metaspace       used 29732K, capacity 30473K, committed 30592K, reserved 1077248K
  class space    used 3397K, capacity 3697K, committed 3712K, reserved 1048576K
}
Event: 4.918 GC heap after
{Heap after GC invocations=8 (full 0):
 garbage-first heap   total 129024K, used 14057K [0x0000000083a00000, 0x0000000100000000)
  region size 1024K, 6 young (6144K), 6 survivors (6144K)
 Metaspace       used 29732K, capacity 30473K, committed 30592K, reserved 1077248K
  class space    used 3397K, capacity 3697K, committed 3712K, reserved 1048576K
}
Event: 5.728 GC heap before
{Heap before GC invocations=8 (full 0):
 garbage-first heap   total 129024K, used 43753K [0x0000000083a00000, 0x0000000100000000)
  region size 1024K, 36 young (36864K), 6 survivors (6144K)
 Metaspace       used 34787K, capacity 35739K, committed 35840K, reserved 1081344K
  class space    used 4054K, capacity 4436K, committed 4480K, reserved 1048576K
}
Event: 5.734 GC heap after
{Heap after GC invocations=9 (full 0):
 garbage-first heap   total 129024K, used 16558K [0x0000000083a00000, 0x0000000100000000)
  region size 1024K, 7 young (7168K), 7 survivors (7168K)
 Metaspace       used 34787K, capacity 35739K, committed 35840K, reserved 1081344K
  class space    used 4054K, capacity 4436K, committed 4480K, reserved 1048576K
}
Event: 6.909 GC heap before
{Heap before GC invocations=10 (full 0):
 garbage-first heap   total 129024K, used 86190K [0x0000000083a00000, 0x0000000100000000)
  region size 1024K, 75 young (76800K), 7 survivors (7168K)
 Metaspace       used 45440K, capacity 46624K, committed 46848K, reserved 1089536K
  class space    used 5349K, capacity 5815K, committed 5888K, reserved 1048576K
}
Event: 6.915 GC heap after
{Heap after GC invocations=11 (full 0):
 garbage-first heap   total 129024K, used 20311K [0x0000000083a00000, 0x0000000100000000)
  region size 1024K, 8 young (8192K), 8 survivors (8192K)
 Metaspace       used 45440K, capacity 46624K, committed 46848K, reserved 1089536K
  class space    used 5349K, capacity 5815K, committed 5888K, reserved 1048576K
}
Event: 8.028 GC heap before
{Heap before GC invocations=11 (full 0):
 garbage-first heap   total 129024K, used 88919K [0x0000000083a00000, 0x0000000100000000)
  region size 1024K, 75 young (76800K), 8 survivors (8192K)
 Metaspace       used 56776K, capacity 58042K, committed 58240K, reserved 1099776K
  class space    used 7236K, capacity 7744K, committed 7808K, reserved 1048576K
}
Event: 8.034 GC heap after
{Heap after GC invocations=12 (full 0):
 garbage-first heap   total 129024K, used 22395K [0x0000000083a00000, 0x0000000100000000)
  region size 1024K, 7 young (7168K), 7 survivors (7168K)
 Metaspace       used 56776K, capacity 58042K, committed 58240K, reserved 1099776K
  class space    used 7236K, capacity 7744K, committed 7808K, reserved 1048576K
}
Event: 8.325 GC heap before
{Heap before GC invocations=12 (full 0):
 garbage-first heap   total 129024K, used 41851K [0x0000000083a00000, 0x0000000100000000)
  region size 1024K, 27 young (27648K), 7 survivors (7168K)
 Metaspace       used 58689K, capacity 60067K, committed 60160K, reserved 1101824K
  class space    used 7495K, capacity 8053K, committed 8064K, reserved 1048576K
}
Event: 8.332 GC heap after
{Heap after GC invocations=13 (full 0):
 garbage-first heap   total 129024K, used 24192K [0x0000000083a00000, 0x0000000100000000)
  region size 1024K, 5 young (5120K), 5 survivors (5120K)
 Metaspace       used 58689K, capacity 60067K, committed 60160K, reserved 1101824K
  class space    used 7495K, capacity 8053K, committed 8064K, reserved 1048576K
}

Deoptimization events (10 events):
Event: 8.258 Thread 0x000002ae4b390000 Uncommon trap: reason=unstable_if action=reinterpret pc=0x000002ae3b16d098 method=java.util.regex.Matcher.reset()Ljava/util/regex/Matcher; @ 71 c2
Event: 8.258 Thread 0x000002ae4b390000 Uncommon trap: reason=unstable_if action=reinterpret pc=0x000002ae3b14e18c method=java.util.regex.Matcher.match(II)Z @ 76 c2
Event: 8.258 Thread 0x000002ae4b390000 Uncommon trap: reason=unstable_if action=reinterpret pc=0x000002ae3b0524a4 method=java.util.regex.Matcher.reset()Ljava/util/regex/Matcher; @ 71 c2
Event: 8.383 Thread 0x000002ae4b390000 Uncommon trap: reason=unstable_if action=reinterpret pc=0x000002ae3b0cc120 method=org.springframework.beans.factory.support.DefaultSingletonBeanRegistry.getSingleton(Ljava/lang/String;Z)Ljava/lang/Object; @ 39 c2
Event: 8.384 Thread 0x000002ae4b390000 Uncommon trap: reason=unstable_if action=reinterpret pc=0x000002ae3af5490c method=java.util.concurrent.ConcurrentHashMap.transfer([Ljava/util/concurrent/ConcurrentHashMap$Node;[Ljava/util/concurrent/ConcurrentHashMap$Node;)V @ 352 c2
Event: 8.384 Thread 0x000002ae4b390000 Uncommon trap: reason=unstable_if action=reinterpret pc=0x000002ae3af47d30 method=java.util.concurrent.ConcurrentHashMap.transfer([Ljava/util/concurrent/ConcurrentHashMap$Node;[Ljava/util/concurrent/ConcurrentHashMap$Node;)V @ 352 c2
Event: 8.402 Thread 0x000002ae4b390000 Uncommon trap: reason=class_check action=maybe_recompile pc=0x000002ae3af21ed4 method=org.springframework.boot.context.properties.source.ConfigurationPropertyName$Elements.charAt(II)C @ 43 c2
Event: 8.403 Thread 0x000002ae4b390000 Uncommon trap: reason=class_check action=maybe_recompile pc=0x000002ae3af21ed4 method=org.springframework.boot.context.properties.source.ConfigurationPropertyName$Elements.charAt(II)C @ 43 c2
Event: 8.415 Thread 0x000002ae4b390000 Uncommon trap: reason=null_check action=make_not_entrant pc=0x000002ae3b047860 method=org.springframework.util.ClassUtils.isAssignable(Ljava/lang/Class;Ljava/lang/Class;)Z @ 14 c2
Event: 8.568 Thread 0x000002ae4b390000 Uncommon trap: reason=unstable_if action=reinterpret pc=0x000002ae3af33c5c method=org.springframework.util.ConcurrentReferenceHashMap$Segment.clear()V @ 7 c2

Classes redefined (0 events):
No events

Internal exceptions (10 events):
Event: 8.055 Thread 0x000002ae4b390000 Exception <a 'java/lang/ClassNotFoundException'{0x000000008b6a7f50}: org/springframework/web/context/ServletContextAwareCustomizer> (0x000000008b6a7f50) thrown at [./open/src/hotspot/share/classfile/systemDictionary.cpp, line 226]
Event: 8.055 Thread 0x000002ae4b390000 Exception <a 'java/lang/ClassNotFoundException'{0x000000008b6b70b0}: org/springframework/beans/factory/AwareCustomizer> (0x000000008b6b70b0) thrown at [./open/src/hotspot/share/classfile/systemDictionary.cpp, line 226]
Event: 8.198 Thread 0x000002ae4b390000 Exception <a 'java/lang/NoSuchMethodError'{0x000000008ad271b0}: java.lang.invoke.DirectMethodHandle$Holder.invokeVirtual(Ljava/lang/Object;Ljava/lang/Object;I)V> (0x000000008ad271b0) thrown at [./open/src/hotspot/share/interpreter/linkResolver.cpp, line 7
Event: 8.199 Thread 0x000002ae4b390000 Exception <a 'java/lang/NoSuchMethodError'{0x000000008ad40d60}: java.lang.invoke.DirectMethodHandle$Holder.invokeVirtual(Ljava/lang/Object;Ljava/lang/Object;J)V> (0x000000008ad40d60) thrown at [./open/src/hotspot/share/interpreter/linkResolver.cpp, line 7
Event: 8.316 Thread 0x000002ae4b390000 Exception <a 'java/lang/IncompatibleClassChangeError'{0x000000008a40c450}: Found class java.lang.Object, but interface was expected> (0x000000008a40c450) thrown at [./open/src/hotspot/share/interpreter/linkResolver.cpp, line 838]
Event: 8.415 Thread 0x000002ae4b390000 Implicit null exception at 0x000002ae3b04765a to 0x000002ae3b04784c
Event: 8.512 Thread 0x000002ae4b390000 Exception <a 'java/lang/NoSuchMethodError'{0x000000008b06e3a8}: java.lang.invoke.DirectMethodHandle$Holder.invokeSpecial(Ljava/lang/Object;Ljava/lang/Object;ILjava/lang/Object;ILjava/lang/Object;)Ljava/lang/Object;> (0x000000008b06e3a8) thrown at [./open/
Event: 8.513 Thread 0x000002ae4b390000 Exception <a 'java/lang/NoSuchMethodError'{0x000000008b075b30}: java.lang.invoke.DirectMethodHandle$Holder.invokeStatic(Ljava/lang/Object;Ljava/lang/Object;ILjava/lang/Object;I)Ljava/lang/Object;> (0x000000008b075b30) thrown at [./open/src/hotspot/share/i
Event: 8.513 Thread 0x000002ae4b390000 Exception <a 'java/lang/NoSuchMethodError'{0x000000008b079308}: java.lang.invoke.DirectMethodHandle$Holder.invokeSpecial(Ljava/lang/Object;Ljava/lang/Object;Ljava/lang/Object;ILjava/lang/Object;I)Ljava/lang/Object;> (0x000000008b079308) thrown at [./open/
Event: 8.514 Thread 0x000002ae4b390000 Exception <a 'java/lang/NoSuchMethodError'{0x000000008b084ad8}: java.lang.invoke.DirectMethodHandle$Holder.invokeVirtual(Ljava/lang/Object;Ljava/lang/Object;)V> (0x000000008b084ad8) thrown at [./open/src/hotspot/share/interpreter/linkResolver.cpp, line 77

Events (10 events):
Event: 15.914 Executing VM operation: RevokeBias
Event: 15.914 Executing VM operation: RevokeBias done
Event: 15.914 loading class org/apache/catalina/webresources/Cache$EvictionOrder
Event: 15.914 loading class org/apache/catalina/webresources/Cache$EvictionOrder done
Event: 15.916 Executing VM operation: RevokeBias
Event: 15.916 Executing VM operation: RevokeBias done
Event: 15.916 loading class org/apache/tomcat/PeriodicEventListener
Event: 15.916 loading class org/apache/tomcat/PeriodicEventListener done
Event: 15.916 Executing VM operation: RevokeBias
Event: 15.916 Executing VM operation: RevokeBias done


Dynamic libraries:
0x00007ff7f58c0000 - 0x00007ff7f58cf000 	C:\Program Files\Java\jdk-11.0.15\bin\javaw.exe
0x00007ffed13a0000 - 0x00007ffed15a9000 	C:\WINDOWS\SYSTEM32\ntdll.dll
0x00007ffecf680000 - 0x00007ffecf73d000 	C:\WINDOWS\System32\KERNEL32.DLL
0x00007ffecec40000 - 0x00007ffecefbd000 	C:\WINDOWS\System32\KERNELBASE.dll
0x00007ffece9f0000 - 0x00007ffeceb01000 	C:\WINDOWS\System32\ucrtbase.dll
0x00007ffecd070000 - 0x00007ffecd085000 	C:\Program Files\Java\jdk-11.0.15\bin\VCRUNTIME140.dll
0x00007ffecce70000 - 0x00007ffecce88000 	C:\Program Files\Java\jdk-11.0.15\bin\jli.dll
0x00007ffecf9f0000 - 0x00007ffecfa9e000 	C:\WINDOWS\System32\ADVAPI32.dll
0x00007ffecfaa0000 - 0x00007ffecfb43000 	C:\WINDOWS\System32\msvcrt.dll
0x00007ffed10c0000 - 0x00007ffed115e000 	C:\WINDOWS\System32\sechost.dll
0x00007ffecfb50000 - 0x00007ffecfc70000 	C:\WINDOWS\System32\RPCRT4.dll
0x00007ffed0210000 - 0x00007ffed03bd000 	C:\WINDOWS\System32\USER32.dll
0x00007ffecf0e0000 - 0x00007ffecf106000 	C:\WINDOWS\System32\win32u.dll
0x00007ffecf9c0000 - 0x00007ffecf9e9000 	C:\WINDOWS\System32\GDI32.dll
0x00007ffecdaa0000 - 0x00007ffecdd45000 	C:\WINDOWS\WinSxS\amd64_microsoft.windows.common-controls_6595b64144ccf1df_6.0.22000.120_none_9d947278b86cc467\COMCTL32.dll
0x00007ffecf110000 - 0x00007ffecf228000 	C:\WINDOWS\System32\gdi32full.dll
0x00007ffecefc0000 - 0x00007ffecf05d000 	C:\WINDOWS\System32\msvcp_win.dll
0x00007ffecaf40000 - 0x00007ffecaf4a000 	C:\WINDOWS\SYSTEM32\VERSION.dll
0x00007ffecf840000 - 0x00007ffecf871000 	C:\WINDOWS\System32\IMM32.DLL
0x00007ffe91b00000 - 0x00007ffe91b9b000 	C:\Program Files\Java\jdk-11.0.15\bin\msvcp140.dll
0x00007ffe2d5d0000 - 0x00007ffe2e0e6000 	C:\Program Files\Java\jdk-11.0.15\bin\server\jvm.dll
0x00007ffed1160000 - 0x00007ffed1168000 	C:\WINDOWS\System32\PSAPI.DLL
0x00007ffec7b20000 - 0x00007ffec7b29000 	C:\WINDOWS\SYSTEM32\WSOCK32.dll
0x00007ffed1170000 - 0x00007ffed11df000 	C:\WINDOWS\System32\WS2_32.dll
0x00007ffec7870000 - 0x00007ffec78a3000 	C:\WINDOWS\SYSTEM32\WINMM.dll
0x00007ffeccc10000 - 0x00007ffeccc28000 	C:\WINDOWS\SYSTEM32\kernel.appcore.dll
0x00007ffecd2e0000 - 0x00007ffecd2f0000 	C:\Program Files\Java\jdk-11.0.15\bin\verify.dll
0x00007ffece1d0000 - 0x00007ffece3f1000 	C:\WINDOWS\SYSTEM32\DBGHELP.DLL
0x00007ffecdf10000 - 0x00007ffecdf41000 	C:\WINDOWS\SYSTEM32\dbgcore.DLL
0x00007ffecf060000 - 0x00007ffecf0df000 	C:\WINDOWS\System32\bcryptPrimitives.dll
0x00007ffeccce0000 - 0x00007ffeccd08000 	C:\Program Files\Java\jdk-11.0.15\bin\java.dll
0x00007ffecd110000 - 0x00007ffecd11a000 	C:\Program Files\Java\jdk-11.0.15\bin\jimage.dll
0x00007ffeccdf0000 - 0x00007ffecce06000 	C:\Program Files\Java\jdk-11.0.15\bin\zip.dll
0x00007ffed0520000 - 0x00007ffed0cd8000 	C:\WINDOWS\System32\SHELL32.dll
0x00007ffecbb00000 - 0x00007ffecc368000 	C:\WINDOWS\SYSTEM32\windows.storage.dll
0x00007ffed0ce0000 - 0x00007ffed1059000 	C:\WINDOWS\System32\combase.dll
0x00007ffecb990000 - 0x00007ffecbaf6000 	C:\WINDOWS\SYSTEM32\wintypes.dll
0x00007ffed03d0000 - 0x00007ffed04ba000 	C:\WINDOWS\System32\SHCORE.dll
0x00007ffecfc80000 - 0x00007ffecfcdd000 	C:\WINDOWS\System32\shlwapi.dll
0x00007ffece7b0000 - 0x00007ffece7d1000 	C:\WINDOWS\SYSTEM32\profapi.dll
0x00007ffecccc0000 - 0x00007ffecccd9000 	C:\Program Files\Java\jdk-11.0.15\bin\net.dll
0x00007ffec7d10000 - 0x00007ffec7e1c000 	C:\WINDOWS\SYSTEM32\WINHTTP.dll
0x00007ffecd8f0000 - 0x00007ffecd957000 	C:\WINDOWS\system32\mswsock.dll
0x00007ffecc610000 - 0x00007ffecc622000 	C:\Program Files\Java\jdk-11.0.15\bin\nio.dll
0x00007ffeca630000 - 0x00007ffeca639000 	C:\Program Files\Java\jdk-11.0.15\bin\management.dll
0x00007ffec9f90000 - 0x00007ffec9f9b000 	C:\Program Files\Java\jdk-11.0.15\bin\management_ext.dll
0x00007ffea51d0000 - 0x00007ffea51e7000 	C:\WINDOWS\system32\napinsp.dll
0x00007ffea51b0000 - 0x00007ffea51cb000 	C:\WINDOWS\system32\pnrpnsp.dll
0x00007ffecc780000 - 0x00007ffecc868000 	C:\WINDOWS\SYSTEM32\DNSAPI.dll
0x00007ffecc750000 - 0x00007ffecc77d000 	C:\WINDOWS\SYSTEM32\IPHLPAPI.DLL
0x00007ffecfce0000 - 0x00007ffecfce9000 	C:\WINDOWS\System32\NSI.dll
0x00007ffea5190000 - 0x00007ffea51a2000 	C:\WINDOWS\System32\winrnr.dll
0x00007ffec5820000 - 0x00007ffec5835000 	C:\WINDOWS\system32\wshbth.dll
0x00007ffea5170000 - 0x00007ffea518f000 	C:\WINDOWS\system32\nlansp_c.dll
0x00007ffebd5d0000 - 0x00007ffebd5da000 	C:\Windows\System32\rasadhlp.dll
0x00007ffec55c0000 - 0x00007ffec5641000 	C:\WINDOWS\System32\fwpuclnt.dll
0x00007ffece530000 - 0x00007ffece548000 	C:\WINDOWS\SYSTEM32\CRYPTSP.dll
0x00007ffeccb70000 - 0x00007ffeccba5000 	C:\WINDOWS\system32\rsaenh.dll
0x00007ffecda10000 - 0x00007ffecda39000 	C:\WINDOWS\SYSTEM32\USERENV.dll
0x00007ffece160000 - 0x00007ffece187000 	C:\WINDOWS\SYSTEM32\bcrypt.dll
0x00007ffecd860000 - 0x00007ffecd86c000 	C:\WINDOWS\SYSTEM32\CRYPTBASE.dll
0x00007ffec75e0000 - 0x00007ffec75f9000 	C:\WINDOWS\SYSTEM32\dhcpcsvc6.DLL
0x00007ffec84f0000 - 0x00007ffec850e000 	C:\WINDOWS\SYSTEM32\dhcpcsvc.DLL
0x00007ffecad40000 - 0x00007ffecad4d000 	C:\Program Files\Java\jdk-11.0.15\bin\sunmscapi.dll
0x00007ffece880000 - 0x00007ffece9e2000 	C:\WINDOWS\System32\CRYPT32.dll
0x00007ffecdd90000 - 0x00007ffecddb8000 	C:\WINDOWS\SYSTEM32\ncrypt.dll
0x00007ffecdd50000 - 0x00007ffecdd87000 	C:\WINDOWS\SYSTEM32\NTASN1.dll
0x00007ffeb2460000 - 0x00007ffeb2485000 	C:\Program Files\Java\jdk-11.0.15\bin\sunec.dll

dbghelp: loaded successfully - version: 4.0.5 - missing functions: none
symbol engine: initialized successfully - sym options: 0x614 - pdb path: .;C:\Program Files\Java\jdk-11.0.15\bin;C:\WINDOWS\SYSTEM32;C:\WINDOWS\WinSxS\amd64_microsoft.windows.common-controls_6595b64144ccf1df_6.0.22000.120_none_9d947278b86cc467;C:\Program Files\Java\jdk-11.0.15\bin\server

VM Arguments:
jvm_args: -Dfile.encoding=UTF-8 
java_command: com.OnlineQuizApplication
java_class_path (initial): C:\Users\User\eclipse-workspace\Spring Micro Service Project\OnlineQuiz\OnlineQuiz\target\classes;C:\Users\User\.m2\repository\org\springframework\boot\spring-boot-starter-data-jpa\2.6.11\spring-boot-starter-data-jpa-2.6.11.jar;C:\Users\User\.m2\repository\org\springframework\boot\spring-boot-starter-aop\2.6.11\spring-boot-starter-aop-2.6.11.jar;C:\Users\User\.m2\repository\org\springframework\spring-aop\5.3.22\spring-aop-5.3.22.jar;C:\Users\User\.m2\repository\org\aspectj\aspectjweaver\1.9.7\aspectjweaver-1.9.7.jar;C:\Users\User\.m2\repository\org\springframework\boot\spring-boot-starter-jdbc\2.6.11\spring-boot-starter-jdbc-2.6.11.jar;C:\Users\User\.m2\repository\com\zaxxer\HikariCP\4.0.3\HikariCP-4.0.3.jar;C:\Users\User\.m2\repository\org\springframework\spring-jdbc\5.3.22\spring-jdbc-5.3.22.jar;C:\Users\User\.m2\repository\jakarta\transaction\jakarta.transaction-api\1.3.3\jakarta.transaction-api-1.3.3.jar;C:\Users\User\.m2\repository\jakarta\persistence\jakarta.persistence-api\2.2.3\jakarta.persistence-api-2.2.3.jar;C:\Users\User\.m2\repository\org\hibernate\hibernate-core\5.6.10.Final\hibernate-core-5.6.10.Final.jar;C:\Users\User\.m2\repository\org\jboss\logging\jboss-logging\3.4.3.Final\jboss-logging-3.4.3.Final.jar;C:\Users\User\.m2\repository\net\bytebuddy\byte-buddy\1.11.22\byte-buddy-1.11.22.jar;C:\Users\User\.m2\repository\antlr\antlr\2.7.7\antlr-2.7.7.jar;C:\Users\User\.m2\repository\org\jboss\jandex\2.4.2.Final\jandex-2.4.2.Final.jar;C:\Users\User\.m2\repository\com\fasterxml\classmate\1.5.1\classmate-1.5.1.jar;C:\Users\User\.m2\repository\org\hibernate\common\hibernate-commons-annotations\5.1.2.Final\hibernate-commons-annotations-5.1.2.Final.jar;C:\Users\User\.m2\repository\org\glassfish\jaxb\jaxb-runtime\2.3.6\jaxb-runtime-2.3.6.jar;C:\Users\User\.m2\repository\org\glassfish\jaxb\txw2\2.3.6\txw2-2.3.6.jar;C:\Users\User\.m2\repository\com\sun\istack\istack-commons-runtime\3.0.12\istack-commons-runtime-3.0.12.jar;C:\Users\Use
Launcher Type: SUN_STANDARD

[Global flags]
     intx CICompilerCount                          = 4                                         {product} {ergonomic}
     uint ConcGCThreads                            = 2                                         {product} {ergonomic}
     uint G1ConcRefinementThreads                  = 8                                         {product} {ergonomic}
   size_t G1HeapRegionSize                         = 1048576                                   {product} {ergonomic}
    uintx GCDrainStackTargetSize                   = 64                                        {product} {ergonomic}
   size_t InitialHeapSize                          = 132120576                                 {product} {ergonomic}
   size_t MarkStackSize                            = 4194304                                   {product} {ergonomic}
   size_t MaxHeapSize                              = 2086666240                                {product} {ergonomic}
   size_t MaxNewSize                               = 1251999744                                {product} {ergonomic}
   size_t MinHeapDeltaBytes                        = 1048576                                   {product} {ergonomic}
    uintx NonNMethodCodeHeapSize                   = 5836300                                {pd product} {ergonomic}
    uintx NonProfiledCodeHeapSize                  = 122910970                              {pd product} {ergonomic}
    uintx ProfiledCodeHeapSize                     = 122910970                              {pd product} {ergonomic}
    uintx ReservedCodeCacheSize                    = 251658240                              {pd product} {ergonomic}
     bool SegmentedCodeCache                       = true                                      {product} {ergonomic}
     bool UseCompressedClassPointers               = true                                 {lp64_product} {ergonomic}
     bool UseCompressedOops                        = true                                 {lp64_product} {ergonomic}
     bool UseG1GC                                  = true                                      {product} {ergonomic}
     bool UseLargePagesIndividualAllocation        = false                                  {pd product} {ergonomic}

Logging:
Log output configuration:
 #0: stdout all=warning uptime,level,tags
 #1: stderr all=off uptime,level,tags

Environment Variables:
JAVA_HOME=C:\Program Files\Java\jdk-11.0.15
PATH=C:\Program Files\Common Files\Oracle\Java\javapath;C:\Windows\system32;C:\Windows;C:\Windows\System32\Wbem;C:\Windows\System32\WindowsPowerShell\v1.0\;C:\Windows\System32\OpenSSH\;C:\Program Files (x86)\NVIDIA Corporation\PhysX\Common;C:\Program Files\NVIDIA Corporation\NVIDIA NvDLISR;C:\WINDOWS\system32;C:\WINDOWS;C:\WINDOWS\System32\Wbem;C:\WINDOWS\System32\WindowsPowerShell\v1.0\;C:\WINDOWS\System32\OpenSSH\;C:\Program Files\Git\cmd;C:\Program Files\MySQL\MySQL Shell 8.0\bin\;C:\Users\User\AppData\Local\Microsoft\WindowsApps;C:\Program Files\Java\jdk-11.0.15\bin;
USERNAME=User
OS=Windows_NT
PROCESSOR_IDENTIFIER=Intel64 Family 6 Model 126 Stepping 5, GenuineIntel



---------------  S Y S T E M  ---------------

OS: Windows 11 , 64 bit Build 22000 (10.0.22000.708)

CPU:total 8 (initial active 8) (4 cores per cpu, 2 threads per core) family 6 model 126 stepping 5 microcode 0xa8, cmov, cx8, fxsr, mmx, sse, sse2, sse3, ssse3, sse4.1, sse4.2, popcnt, avx, avx2, aes, clmul, erms, 3dnowpref, lzcnt, ht, tsc, tscinvbit, bmi1, bmi2, adx, evex, sha, fma

Memory: 4k page, system-wide physical 7956M (493M free)
TotalPageFile size 32532M (AvailPageFile size 3M)
current process WorkingSet (physical memory assigned to process): 33M, peak: 275M
current process commit charge ("private bytes"): 299M, peak: 339M

vm_info: Java HotSpot(TM) 64-Bit Server VM (11.0.15+8-LTS-149) for windows-amd64 JRE (11.0.15+8-LTS-149), built on Mar  9 2022 22:42:32 by "mach5one" with MS VC++ 15.9 (VS2017)

END.
